<?xml version="1.0" encoding="UTF-8"?>
<testsuites name="Positiv case" time="69.253" tests="2" failures="0" skips="0" errors="0">
   <testsuite name="Positiv case" tests="2" failures="0" errors="0" time="69.253" skips="0" timestamp="2021-02-09 16:16:13" hostname="906663 - 192.168.43.84" id="Test Suites/siswa/Positiv case">
      <properties>
         <property name="deviceName" value=""/>
         <property name="devicePlatform" value=""/>
         <property name="logFolder" value="C:\\Users\\906663\\Katalon Studio\\My First Web UI Project\\Reports\\20210209_161606\\siswa\\Positiv case\\20210209_161606"/>
         <property name="logFiles" value="C:\\Users\\906663\\Katalon Studio\\My First Web UI Project\\Reports\\20210209_161606\\siswa\\Positiv case\\20210209_161606\\execution0.log"/>
         <property name="attachments" value=""/>
         <property name="hostName" value="906663 - 192.168.43.84"/>
         <property name="os" value="Windows 10 64bit"/>
         <property name="katalonVersion" value="7.9.1.208"/>
         <property name="browser" value="Chrome 88.0.4324.104"/>
         <property name="hostAddress" value="192.168.43.84"/>
         <property name="sessionId" value="cb703c12edbcbd0843d5735cd67d3cce"/>
         <property name="seleniumVersion" value="3.141.59"/>
         <property name="proxyInformation" value="ProxyInformation { proxyOption=NO_PROXY, proxyServerType=HTTP, username=, password=********, proxyServerAddress=, proxyServerPort=0, executionList=&quot;&quot;, isApplyToDesiredCapabilities=true }"/>
         <property name="platform" value="Windows 10"/>
      </properties>
      <testcase name="Test Cases/siswa/login/positif case/TC001 Siswa berhasil login" time="33.599" classname="Test Cases/siswa/login/positif case/TC001 Siswa berhasil login" status="PASSED">
         <system-out><![CDATA[2021-02-09 16:16:14 - [TEST_CASE][PASSED] - Test Cases/siswa/login/positif case/TC001 Siswa berhasil login: Test Cases/siswa/login/positif case/TC001 Siswa berhasil login

2021-02-09 16:16:15 - [TEST_STEP][PASSED] - openBrowser(""): Browser is opened with url: ''

2021-02-09 16:16:16 - [MESSAGE][INFO] - Starting 'Chrome' driver

2021-02-09 16:16:16 - [MESSAGE][INFO] - Action delay is set to 0 milliseconds

2021-02-09 16:16:20 - [MESSAGE][PASSED] - Browser is opened with url: ''

2021-02-09 16:16:20 - [TEST_STEP][PASSED] - navigateToUrl("https://devsekolah-siswa.pijarsekolah.id/login"): Navigate to 'https://devsekolah-siswa.pijarsekolah.id/login' successfully

2021-02-09 16:16:46 - [MESSAGE][PASSED] - Navigate to 'https://devsekolah-siswa.pijarsekolah.id/login' successfully

2021-02-09 16:16:46 - [TEST_STEP][PASSED] - setText(findTestObject("Object Repository/siswa/Page_Login Siswa/input_Username_username"), "111111"): Text '111111' is set on object 'Object Repository/siswa/Page_Login Siswa/input_Username_username'

2021-02-09 16:16:47 - [MESSAGE][PASSED] - Text '111111' is set on object 'Object Repository/siswa/Page_Login Siswa/input_Username_username'

2021-02-09 16:16:47 - [TEST_STEP][PASSED] - setEncryptedText(findTestObject("Object Repository/siswa/Page_Login Siswa/input_Password_password"), "aeHFOx8jV/A="): Text ****** has been set on object 'Object Repository/siswa/Page_Login Siswa/input_Password_password'

2021-02-09 16:16:47 - [MESSAGE][PASSED] - Text ****** has been set on object 'Object Repository/siswa/Page_Login Siswa/input_Password_password'

2021-02-09 16:16:47 - [TEST_STEP][PASSED] - click(findTestObject("Object Repository/siswa/Page_Login Siswa/button_Login")): Object: 'Object Repository/siswa/Page_Login Siswa/button_Login' is clicked on

2021-02-09 16:16:48 - [MESSAGE][PASSED] - Object: 'Object Repository/siswa/Page_Login Siswa/button_Login' is clicked on]]></system-out>
         <system-err><![CDATA[]]></system-err>
      </testcase>
      <testcase name="Test Cases/siswa/login/positif case/TC 002 siswa ubah password" time="23.576" classname="Test Cases/siswa/login/positif case/TC 002 siswa ubah password" status="PASSED">
         <system-out><![CDATA[2021-02-09 16:16:48 - [TEST_CASE][PASSED] - Test Cases/siswa/login/positif case/TC 002 siswa ubah password: Test Cases/siswa/login/positif case/TC 002 siswa ubah password

2021-02-09 16:16:49 - [TEST_STEP][PASSED] - callTestCase(findTestCase("siswa/login/positif case/TC001 Siswa berhasil login"), [:], STOP_ON_FAILURE): Call Test Case 'Test Cases/siswa/login/positif case/TC001 Siswa berhasil login' successfully

2021-02-09 16:16:50 - [TEST_CASE][PASSED] - Test Cases/siswa/login/positif case/TC001 Siswa berhasil login: Test Cases/siswa/login/positif case/TC001 Siswa berhasil login

2021-02-09 16:16:50 - [TEST_STEP][PASSED] - openBrowser(""): Browser is opened with url: ''

2021-02-09 16:16:50 - [MESSAGE][WARNING] - A browser is already opened. Closing browser and opening a new one

2021-02-09 16:16:51 - [MESSAGE][INFO] - Starting 'Chrome' driver

2021-02-09 16:16:51 - [MESSAGE][INFO] - Action delay is set to 0 milliseconds

2021-02-09 16:16:52 - [MESSAGE][PASSED] - Browser is opened with url: ''

2021-02-09 16:16:52 - [TEST_STEP][PASSED] - navigateToUrl("https://devsekolah-siswa.pijarsekolah.id/login"): Navigate to 'https://devsekolah-siswa.pijarsekolah.id/login' successfully

2021-02-09 16:16:58 - [MESSAGE][PASSED] - Navigate to 'https://devsekolah-siswa.pijarsekolah.id/login' successfully

2021-02-09 16:16:58 - [TEST_STEP][PASSED] - setText(findTestObject("Object Repository/siswa/Page_Login Siswa/input_Username_username"), "111111"): Text '111111' is set on object 'Object Repository/siswa/Page_Login Siswa/input_Username_username'

2021-02-09 16:16:59 - [MESSAGE][PASSED] - Text '111111' is set on object 'Object Repository/siswa/Page_Login Siswa/input_Username_username'

2021-02-09 16:16:59 - [TEST_STEP][PASSED] - setEncryptedText(findTestObject("Object Repository/siswa/Page_Login Siswa/input_Password_password"), "aeHFOx8jV/A="): Text ****** has been set on object 'Object Repository/siswa/Page_Login Siswa/input_Password_password'

2021-02-09 16:16:59 - [MESSAGE][PASSED] - Text ****** has been set on object 'Object Repository/siswa/Page_Login Siswa/input_Password_password'

2021-02-09 16:16:59 - [TEST_STEP][PASSED] - click(findTestObject("Object Repository/siswa/Page_Login Siswa/button_Login")): Object: 'Object Repository/siswa/Page_Login Siswa/button_Login' is clicked on

2021-02-09 16:17:00 - [MESSAGE][PASSED] - Object: 'Object Repository/siswa/Page_Login Siswa/button_Login' is clicked on

2021-02-09 16:17:00 - [MESSAGE][PASSED] - Call Test Case 'Test Cases/siswa/login/positif case/TC001 Siswa berhasil login' successfully

2021-02-09 16:17:00 - [TEST_STEP][PASSED] - click(findTestObject("siswa/ubah password/Page_Beranda  Pijar Sekolah/span_Data Siswa")): Object: 'Object Repository/siswa/ubah password/Page_Beranda  Pijar Sekolah/span_Data Siswa' is clicked on

2021-02-09 16:17:04 - [MESSAGE][PASSED] - Object: 'Object Repository/siswa/ubah password/Page_Beranda  Pijar Sekolah/span_Data Siswa' is clicked on

2021-02-09 16:17:04 - [TEST_STEP][PASSED] - click(findTestObject("siswa/ubah password/Page_Ubah Password  Pijar Sekolah/Page_Ubah Password  Pijar Sekolah/span_Ubah Password"), STOP_ON_FAILURE): Object: 'Object Repository/siswa/ubah password/Page_Ubah Password  Pijar Sekolah/Page_Ubah Password  Pijar Sekolah/span_Ubah Password' is clicked on

2021-02-09 16:17:06 - [MESSAGE][PASSED] - Object: 'Object Repository/siswa/ubah password/Page_Ubah Password  Pijar Sekolah/Page_Ubah Password  Pijar Sekolah/span_Ubah Password' is clicked on

2021-02-09 16:17:06 - [TEST_STEP][PASSED] - setText(findTestObject("siswa/ubah password/Page_Ubah Password  Pijar Sekolah/password lama baru dan konfirmasi password/Page_Ubah Password  Pijar Sekolah/input_Password Lama_form-control"), "123456"): Text '123456' is set on object 'Object Repository/siswa/ubah password/Page_Ubah Password  Pijar Sekolah/password lama baru dan konfirmasi password/Page_Ubah Password  Pijar Sekolah/input_Password Lama_form-control'

2021-02-09 16:17:08 - [MESSAGE][PASSED] - Text '123456' is set on object 'Object Repository/siswa/ubah password/Page_Ubah Password  Pijar Sekolah/password lama baru dan konfirmasi password/Page_Ubah Password  Pijar Sekolah/input_Password Lama_form-control'

2021-02-09 16:17:08 - [TEST_STEP][PASSED] - setText(findTestObject("siswa/ubah password/Page_Ubah Password  Pijar Sekolah/password lama baru dan konfirmasi password/Page_Ubah Password  Pijar Sekolah/input_Password Baru_form-control"), "123456"): Text '123456' is set on object 'Object Repository/siswa/ubah password/Page_Ubah Password  Pijar Sekolah/password lama baru dan konfirmasi password/Page_Ubah Password  Pijar Sekolah/input_Password Baru_form-control'

2021-02-09 16:17:08 - [MESSAGE][PASSED] - Text '123456' is set on object 'Object Repository/siswa/ubah password/Page_Ubah Password  Pijar Sekolah/password lama baru dan konfirmasi password/Page_Ubah Password  Pijar Sekolah/input_Password Baru_form-control'

2021-02-09 16:17:08 - [TEST_STEP][PASSED] - setText(findTestObject("siswa/ubah password/Page_Ubah Password  Pijar Sekolah/password lama baru dan konfirmasi password/Page_Ubah Password  Pijar Sekolah/input_Konfirmasi Password Baru_form-control"), "123456"): Text '123456' is set on object 'Object Repository/siswa/ubah password/Page_Ubah Password  Pijar Sekolah/password lama baru dan konfirmasi password/Page_Ubah Password  Pijar Sekolah/input_Konfirmasi Password Baru_form-control'

2021-02-09 16:17:09 - [MESSAGE][PASSED] - Text '123456' is set on object 'Object Repository/siswa/ubah password/Page_Ubah Password  Pijar Sekolah/password lama baru dan konfirmasi password/Page_Ubah Password  Pijar Sekolah/input_Konfirmasi Password Baru_form-control'

2021-02-09 16:17:09 - [TEST_STEP][PASSED] - click(findTestObject("siswa/ubah password/Page_Ubah Password  Pijar Sekolah/button_Ubah Password")): Object: 'Object Repository/siswa/ubah password/Page_Ubah Password  Pijar Sekolah/button_Ubah Password' is clicked on

2021-02-09 16:17:10 - [MESSAGE][PASSED] - Object: 'Object Repository/siswa/ubah password/Page_Ubah Password  Pijar Sekolah/button_Ubah Password' is clicked on

2021-02-09 16:17:10 - [TEST_STEP][PASSED] - click(findTestObject("siswa/ubah password/Page_Ubah Password  Pijar Sekolah/a_Ok")): Object: 'Object Repository/siswa/ubah password/Page_Ubah Password  Pijar Sekolah/a_Ok' is clicked on

2021-02-09 16:17:12 - [MESSAGE][PASSED] - Object: 'Object Repository/siswa/ubah password/Page_Ubah Password  Pijar Sekolah/a_Ok' is clicked on]]></system-out>
         <system-err><![CDATA[]]></system-err>
      </testcase>
      <system-out><![CDATA[2021-02-09 16:16:13 - [TEST_SUITE][PASSED] - Positiv case: Test Cases/siswa/login/positif case/TC 002 siswa ubah password]]></system-out>
      <system-err><![CDATA[]]></system-err>
   </testsuite>
</testsuites>
