<?xml version="1.0" encoding="UTF-8"?>
<testsuites name="Positiv case" time="474.239" tests="2" failures="0" skips="0" errors="0">
   <testsuite name="Positiv case" tests="2" failures="0" errors="0" time="474.239" skips="0" timestamp="2021-02-09 15:58:47" hostname="906663 - 192.168.43.84" id="Test Suites/siswa/Positiv case">
      <properties>
         <property name="deviceName" value=""/>
         <property name="devicePlatform" value=""/>
         <property name="logFolder" value="C:\\Users\\906663\\Katalon Studio\\My First Web UI Project\\Reports\\20210209_155830\\siswa\\Positiv case\\20210209_155832"/>
         <property name="logFiles" value="C:\\Users\\906663\\Katalon Studio\\My First Web UI Project\\Reports\\20210209_155830\\siswa\\Positiv case\\20210209_155832\\execution0.log"/>
         <property name="attachments" value=""/>
         <property name="hostName" value="906663 - 192.168.43.84"/>
         <property name="os" value="Windows 10 64bit"/>
         <property name="katalonVersion" value="7.9.1.208"/>
         <property name="browser" value="Chrome 88.0.4324.104"/>
         <property name="hostAddress" value="192.168.43.84"/>
         <property name="sessionId" value="ecfe1d142233b15ddd370dd17fe5cfdc"/>
         <property name="seleniumVersion" value="3.141.59"/>
         <property name="proxyInformation" value="ProxyInformation { proxyOption=NO_PROXY, proxyServerType=HTTP, username=, password=********, proxyServerAddress=, proxyServerPort=0, executionList=&quot;&quot;, isApplyToDesiredCapabilities=true }"/>
         <property name="platform" value="Windows 10"/>
      </properties>
      <testcase name="Test Cases/siswa/login/positif case/TC001 Siswa berhasil login" time="135.99" classname="Test Cases/siswa/login/positif case/TC001 Siswa berhasil login" status="PASSED">
         <system-out><![CDATA[2021-02-09 15:58:53 - [TEST_CASE][PASSED] - Test Cases/siswa/login/positif case/TC001 Siswa berhasil login: Test Cases/siswa/login/positif case/TC001 Siswa berhasil login

2021-02-09 15:58:56 - [TEST_STEP][PASSED] - openBrowser(""): Browser is opened with url: ''

2021-02-09 15:59:01 - [MESSAGE][INFO] - Starting 'Chrome' driver

2021-02-09 15:59:08 - [MESSAGE][INFO] - Action delay is set to 0 milliseconds

2021-02-09 16:00:16 - [MESSAGE][PASSED] - Browser is opened with url: ''

2021-02-09 16:00:16 - [TEST_STEP][PASSED] - navigateToUrl("https://devsekolah-siswa.pijarsekolah.id/login"): Navigate to 'https://devsekolah-siswa.pijarsekolah.id/login' successfully

2021-02-09 16:00:51 - [MESSAGE][PASSED] - Navigate to 'https://devsekolah-siswa.pijarsekolah.id/login' successfully

2021-02-09 16:00:51 - [TEST_STEP][PASSED] - setText(findTestObject("Object Repository/siswa/Page_Login Siswa/input_Username_username"), "111111"): Text '111111' is set on object 'Object Repository/siswa/Page_Login Siswa/input_Username_username'

2021-02-09 16:01:02 - [MESSAGE][PASSED] - Text '111111' is set on object 'Object Repository/siswa/Page_Login Siswa/input_Username_username'

2021-02-09 16:01:02 - [TEST_STEP][PASSED] - setEncryptedText(findTestObject("Object Repository/siswa/Page_Login Siswa/input_Password_password"), "aeHFOx8jV/A="): Text ****** has been set on object 'Object Repository/siswa/Page_Login Siswa/input_Password_password'

2021-02-09 16:01:07 - [MESSAGE][PASSED] - Text ****** has been set on object 'Object Repository/siswa/Page_Login Siswa/input_Password_password'

2021-02-09 16:01:07 - [TEST_STEP][PASSED] - click(findTestObject("Object Repository/siswa/Page_Login Siswa/button_Login")): Object: 'Object Repository/siswa/Page_Login Siswa/button_Login' is clicked on

2021-02-09 16:01:09 - [MESSAGE][PASSED] - Object: 'Object Repository/siswa/Page_Login Siswa/button_Login' is clicked on]]></system-out>
         <system-err><![CDATA[]]></system-err>
      </testcase>
      <testcase name="Test Cases/siswa/login/positif case/TC 002 siswa ubah password" time="157.526" classname="Test Cases/siswa/login/positif case/TC 002 siswa ubah password" status="PASSED">
         <system-out><![CDATA[2021-02-09 16:01:11 - [TEST_CASE][PASSED] - Test Cases/siswa/login/positif case/TC 002 siswa ubah password: Test Cases/siswa/login/positif case/TC 002 siswa ubah password

2021-02-09 16:01:16 - [TEST_STEP][PASSED] - callTestCase(findTestCase("siswa/login/positif case/TC001 Siswa berhasil login"), [:], STOP_ON_FAILURE): Call Test Case 'Test Cases/siswa/login/positif case/TC001 Siswa berhasil login' successfully

2021-02-09 16:01:17 - [TEST_CASE][PASSED] - Test Cases/siswa/login/positif case/TC001 Siswa berhasil login: Test Cases/siswa/login/positif case/TC001 Siswa berhasil login

2021-02-09 16:01:17 - [TEST_STEP][PASSED] - openBrowser(""): Browser is opened with url: ''

2021-02-09 16:01:17 - [MESSAGE][WARNING] - A browser is already opened. Closing browser and opening a new one

2021-02-09 16:01:30 - [MESSAGE][INFO] - Starting 'Chrome' driver

2021-02-09 16:01:30 - [MESSAGE][INFO] - Action delay is set to 0 milliseconds

2021-02-09 16:03:01 - [MESSAGE][PASSED] - Browser is opened with url: ''

2021-02-09 16:03:01 - [TEST_STEP][PASSED] - navigateToUrl("https://devsekolah-siswa.pijarsekolah.id/login"): Navigate to 'https://devsekolah-siswa.pijarsekolah.id/login' successfully

2021-02-09 16:03:18 - [MESSAGE][PASSED] - Navigate to 'https://devsekolah-siswa.pijarsekolah.id/login' successfully

2021-02-09 16:03:18 - [TEST_STEP][PASSED] - setText(findTestObject("Object Repository/siswa/Page_Login Siswa/input_Username_username"), "111111"): Text '111111' is set on object 'Object Repository/siswa/Page_Login Siswa/input_Username_username'

2021-02-09 16:03:20 - [MESSAGE][PASSED] - Text '111111' is set on object 'Object Repository/siswa/Page_Login Siswa/input_Username_username'

2021-02-09 16:03:20 - [TEST_STEP][PASSED] - setEncryptedText(findTestObject("Object Repository/siswa/Page_Login Siswa/input_Password_password"), "aeHFOx8jV/A="): Text ****** has been set on object 'Object Repository/siswa/Page_Login Siswa/input_Password_password'

2021-02-09 16:03:21 - [MESSAGE][PASSED] - Text ****** has been set on object 'Object Repository/siswa/Page_Login Siswa/input_Password_password'

2021-02-09 16:03:21 - [TEST_STEP][PASSED] - click(findTestObject("Object Repository/siswa/Page_Login Siswa/button_Login")): Object: 'Object Repository/siswa/Page_Login Siswa/button_Login' is clicked on

2021-02-09 16:03:22 - [MESSAGE][PASSED] - Object: 'Object Repository/siswa/Page_Login Siswa/button_Login' is clicked on

2021-02-09 16:03:23 - [MESSAGE][PASSED] - Call Test Case 'Test Cases/siswa/login/positif case/TC001 Siswa berhasil login' successfully

2021-02-09 16:03:23 - [TEST_STEP][PASSED] - click(findTestObject("siswa/ubah password/Page_Beranda  Pijar Sekolah/span_Data Siswa")): Object: 'Object Repository/siswa/ubah password/Page_Beranda  Pijar Sekolah/span_Data Siswa' is clicked on

2021-02-09 16:03:33 - [MESSAGE][PASSED] - Object: 'Object Repository/siswa/ubah password/Page_Beranda  Pijar Sekolah/span_Data Siswa' is clicked on

2021-02-09 16:03:33 - [TEST_STEP][PASSED] - click(findTestObject("siswa/ubah password/Page_Ubah Password  Pijar Sekolah/Page_Ubah Password  Pijar Sekolah/span_Ubah Password"), STOP_ON_FAILURE): Object: 'Object Repository/siswa/ubah password/Page_Ubah Password  Pijar Sekolah/Page_Ubah Password  Pijar Sekolah/span_Ubah Password' is clicked on

2021-02-09 16:03:38 - [MESSAGE][PASSED] - Object: 'Object Repository/siswa/ubah password/Page_Ubah Password  Pijar Sekolah/Page_Ubah Password  Pijar Sekolah/span_Ubah Password' is clicked on

2021-02-09 16:03:38 - [TEST_STEP][PASSED] - setText(findTestObject("siswa/ubah password/Page_Ubah Password  Pijar Sekolah/password lama baru dan konfirmasi password/Page_Ubah Password  Pijar Sekolah/input_Password Lama_form-control"), "123456"): Text '123456' is set on object 'Object Repository/siswa/ubah password/Page_Ubah Password  Pijar Sekolah/password lama baru dan konfirmasi password/Page_Ubah Password  Pijar Sekolah/input_Password Lama_form-control'

2021-02-09 16:03:42 - [MESSAGE][PASSED] - Text '123456' is set on object 'Object Repository/siswa/ubah password/Page_Ubah Password  Pijar Sekolah/password lama baru dan konfirmasi password/Page_Ubah Password  Pijar Sekolah/input_Password Lama_form-control'

2021-02-09 16:03:42 - [TEST_STEP][PASSED] - setText(findTestObject("siswa/ubah password/Page_Ubah Password  Pijar Sekolah/password lama baru dan konfirmasi password/Page_Ubah Password  Pijar Sekolah/input_Password Baru_form-control"), "123456"): Text '123456' is set on object 'Object Repository/siswa/ubah password/Page_Ubah Password  Pijar Sekolah/password lama baru dan konfirmasi password/Page_Ubah Password  Pijar Sekolah/input_Password Baru_form-control'

2021-02-09 16:03:44 - [MESSAGE][PASSED] - Text '123456' is set on object 'Object Repository/siswa/ubah password/Page_Ubah Password  Pijar Sekolah/password lama baru dan konfirmasi password/Page_Ubah Password  Pijar Sekolah/input_Password Baru_form-control'

2021-02-09 16:03:44 - [TEST_STEP][PASSED] - setText(findTestObject("siswa/ubah password/Page_Ubah Password  Pijar Sekolah/password lama baru dan konfirmasi password/Page_Ubah Password  Pijar Sekolah/input_Konfirmasi Password Baru_form-control"), "123456"): Text '123456' is set on object 'Object Repository/siswa/ubah password/Page_Ubah Password  Pijar Sekolah/password lama baru dan konfirmasi password/Page_Ubah Password  Pijar Sekolah/input_Konfirmasi Password Baru_form-control'

2021-02-09 16:03:45 - [MESSAGE][PASSED] - Text '123456' is set on object 'Object Repository/siswa/ubah password/Page_Ubah Password  Pijar Sekolah/password lama baru dan konfirmasi password/Page_Ubah Password  Pijar Sekolah/input_Konfirmasi Password Baru_form-control'

2021-02-09 16:03:45 - [TEST_STEP][PASSED] - click(findTestObject("siswa/ubah password/Page_Ubah Password  Pijar Sekolah/button_Ubah Password")): Object: 'Object Repository/siswa/ubah password/Page_Ubah Password  Pijar Sekolah/button_Ubah Password' is clicked on

2021-02-09 16:03:46 - [MESSAGE][PASSED] - Object: 'Object Repository/siswa/ubah password/Page_Ubah Password  Pijar Sekolah/button_Ubah Password' is clicked on

2021-02-09 16:03:46 - [TEST_STEP][PASSED] - click(findTestObject("siswa/ubah password/Page_Ubah Password  Pijar Sekolah/a_Ok")): Object: 'Object Repository/siswa/ubah password/Page_Ubah Password  Pijar Sekolah/a_Ok' is clicked on

2021-02-09 16:03:48 - [MESSAGE][PASSED] - Object: 'Object Repository/siswa/ubah password/Page_Ubah Password  Pijar Sekolah/a_Ok' is clicked on]]></system-out>
         <system-err><![CDATA[]]></system-err>
      </testcase>
      <system-out><![CDATA[2021-02-09 15:58:47 - [TEST_SUITE][PASSED] - Positiv case: Test Cases/siswa/login/positif case/TC 002 siswa ubah password]]></system-out>
      <system-err><![CDATA[]]></system-err>
   </testsuite>
</testsuites>
