<?xml version="1.0" encoding="UTF-8"?>
<testsuites name="Positiv case" time="119.963" tests="4" failures="0" skips="0" errors="0">
   <testsuite name="Positiv case" tests="4" failures="0" errors="0" time="119.963" skips="0" timestamp="2021-02-13 11:24:14" hostname="906663 - 192.168.1.14" id="Test Suites/siswa/Positiv case">
      <properties>
         <property name="deviceName" value=""/>
         <property name="devicePlatform" value=""/>
         <property name="logFolder" value="C:\\Users\\906663\\Katalon Studio\\My First Web UI Project\\Reports\\20210213_112405\\siswa\\Positiv case\\20210213_112405"/>
         <property name="logFiles" value="C:\\Users\\906663\\Katalon Studio\\My First Web UI Project\\Reports\\20210213_112405\\siswa\\Positiv case\\20210213_112405\\execution0.log"/>
         <property name="attachments" value=""/>
         <property name="hostName" value="906663 - 192.168.1.14"/>
         <property name="os" value="Windows 10 64bit"/>
         <property name="katalonVersion" value="7.9.1.208"/>
         <property name="browser" value="Chrome 88.0.4324.104"/>
         <property name="hostAddress" value="192.168.1.14"/>
         <property name="sessionId" value="ca7c8e63c691962c66969b3e748d4a9f"/>
         <property name="seleniumVersion" value="3.141.59"/>
         <property name="proxyInformation" value="ProxyInformation { proxyOption=NO_PROXY, proxyServerType=HTTP, username=, password=********, proxyServerAddress=, proxyServerPort=0, executionList=&quot;&quot;, isApplyToDesiredCapabilities=true }"/>
         <property name="platform" value="Windows 10"/>
      </properties>
      <testcase name="Test Cases/siswa/login/positif case/TC001 Siswa berhasil login" time="28.946" classname="Test Cases/siswa/login/positif case/TC001 Siswa berhasil login" status="PASSED">
         <system-out><![CDATA[2021-02-13 11:24:17 - [TEST_CASE][PASSED] - Test Cases/siswa/login/positif case/TC001 Siswa berhasil login: Test Cases/siswa/login/positif case/TC001 Siswa berhasil login

2021-02-13 11:24:18 - [TEST_STEP][PASSED] - openBrowser(""): Browser is opened with url: ''

2021-02-13 11:24:19 - [MESSAGE][INFO] - Starting 'Chrome' driver

2021-02-13 11:24:19 - [MESSAGE][INFO] - Action delay is set to 0 milliseconds

2021-02-13 11:24:28 - [MESSAGE][PASSED] - Browser is opened with url: ''

2021-02-13 11:24:28 - [TEST_STEP][PASSED] - navigateToUrl("https://devsekolah-siswa.pijarsekolah.id/login"): Navigate to 'https://devsekolah-siswa.pijarsekolah.id/login' successfully

2021-02-13 11:24:42 - [MESSAGE][PASSED] - Navigate to 'https://devsekolah-siswa.pijarsekolah.id/login' successfully

2021-02-13 11:24:42 - [TEST_STEP][PASSED] - setText(findTestObject("Object Repository/siswa/Page_Login Siswa/input_Username_username"), "111111"): Text '111111' is set on object 'Object Repository/siswa/Page_Login Siswa/input_Username_username'

2021-02-13 11:24:44 - [MESSAGE][PASSED] - Text '111111' is set on object 'Object Repository/siswa/Page_Login Siswa/input_Username_username'

2021-02-13 11:24:44 - [TEST_STEP][PASSED] - setEncryptedText(findTestObject("Object Repository/siswa/Page_Login Siswa/input_Password_password"), "aeHFOx8jV/A="): Text ****** has been set on object 'Object Repository/siswa/Page_Login Siswa/input_Password_password'

2021-02-13 11:24:45 - [MESSAGE][PASSED] - Text ****** has been set on object 'Object Repository/siswa/Page_Login Siswa/input_Password_password'

2021-02-13 11:24:45 - [TEST_STEP][PASSED] - click(findTestObject("Object Repository/siswa/Page_Login Siswa/button_Login")): Object: 'Object Repository/siswa/Page_Login Siswa/button_Login' is clicked on

2021-02-13 11:24:46 - [MESSAGE][PASSED] - Object: 'Object Repository/siswa/Page_Login Siswa/button_Login' is clicked on]]></system-out>
         <system-err><![CDATA[]]></system-err>
      </testcase>
      <testcase name="Test Cases/siswa/login/positif case/TC 002 siswa ubah password" time="23.756" classname="Test Cases/siswa/login/positif case/TC 002 siswa ubah password" status="PASSED">
         <system-out><![CDATA[2021-02-13 11:24:46 - [TEST_CASE][PASSED] - Test Cases/siswa/login/positif case/TC 002 siswa ubah password: Test Cases/siswa/login/positif case/TC 002 siswa ubah password

2021-02-13 11:24:47 - [TEST_STEP][PASSED] - callTestCase(findTestCase("siswa/login/positif case/TC001 Siswa berhasil login"), [:], STOP_ON_FAILURE): Call Test Case 'Test Cases/siswa/login/positif case/TC001 Siswa berhasil login' successfully

2021-02-13 11:24:47 - [TEST_CASE][PASSED] - Test Cases/siswa/login/positif case/TC001 Siswa berhasil login: Test Cases/siswa/login/positif case/TC001 Siswa berhasil login

2021-02-13 11:24:47 - [TEST_STEP][PASSED] - openBrowser(""): Browser is opened with url: ''

2021-02-13 11:24:47 - [MESSAGE][WARNING] - A browser is already opened. Closing browser and opening a new one

2021-02-13 11:24:48 - [MESSAGE][INFO] - Starting 'Chrome' driver

2021-02-13 11:24:48 - [MESSAGE][INFO] - Action delay is set to 0 milliseconds

2021-02-13 11:24:52 - [MESSAGE][PASSED] - Browser is opened with url: ''

2021-02-13 11:24:52 - [TEST_STEP][PASSED] - navigateToUrl("https://devsekolah-siswa.pijarsekolah.id/login"): Navigate to 'https://devsekolah-siswa.pijarsekolah.id/login' successfully

2021-02-13 11:24:55 - [MESSAGE][PASSED] - Navigate to 'https://devsekolah-siswa.pijarsekolah.id/login' successfully

2021-02-13 11:24:55 - [TEST_STEP][PASSED] - setText(findTestObject("Object Repository/siswa/Page_Login Siswa/input_Username_username"), "111111"): Text '111111' is set on object 'Object Repository/siswa/Page_Login Siswa/input_Username_username'

2021-02-13 11:24:56 - [MESSAGE][PASSED] - Text '111111' is set on object 'Object Repository/siswa/Page_Login Siswa/input_Username_username'

2021-02-13 11:24:56 - [TEST_STEP][PASSED] - setEncryptedText(findTestObject("Object Repository/siswa/Page_Login Siswa/input_Password_password"), "aeHFOx8jV/A="): Text ****** has been set on object 'Object Repository/siswa/Page_Login Siswa/input_Password_password'

2021-02-13 11:24:57 - [MESSAGE][PASSED] - Text ****** has been set on object 'Object Repository/siswa/Page_Login Siswa/input_Password_password'

2021-02-13 11:24:57 - [TEST_STEP][PASSED] - click(findTestObject("Object Repository/siswa/Page_Login Siswa/button_Login")): Object: 'Object Repository/siswa/Page_Login Siswa/button_Login' is clicked on

2021-02-13 11:24:58 - [MESSAGE][PASSED] - Object: 'Object Repository/siswa/Page_Login Siswa/button_Login' is clicked on

2021-02-13 11:24:58 - [MESSAGE][PASSED] - Call Test Case 'Test Cases/siswa/login/positif case/TC001 Siswa berhasil login' successfully

2021-02-13 11:24:58 - [TEST_STEP][PASSED] - click(findTestObject("siswa/ubah password/Page_Beranda  Pijar Sekolah/span_Data Siswa")): Object: 'Object Repository/siswa/ubah password/Page_Beranda  Pijar Sekolah/span_Data Siswa' is clicked on

2021-02-13 11:25:03 - [MESSAGE][PASSED] - Object: 'Object Repository/siswa/ubah password/Page_Beranda  Pijar Sekolah/span_Data Siswa' is clicked on

2021-02-13 11:25:03 - [TEST_STEP][PASSED] - click(findTestObject("siswa/ubah password/Page_Ubah Password  Pijar Sekolah/Page_Ubah Password  Pijar Sekolah/span_Ubah Password"), STOP_ON_FAILURE): Object: 'Object Repository/siswa/ubah password/Page_Ubah Password  Pijar Sekolah/Page_Ubah Password  Pijar Sekolah/span_Ubah Password' is clicked on

2021-02-13 11:25:04 - [MESSAGE][PASSED] - Object: 'Object Repository/siswa/ubah password/Page_Ubah Password  Pijar Sekolah/Page_Ubah Password  Pijar Sekolah/span_Ubah Password' is clicked on

2021-02-13 11:25:04 - [TEST_STEP][PASSED] - setText(findTestObject("siswa/ubah password/Page_Ubah Password  Pijar Sekolah/password lama baru dan konfirmasi password/Page_Ubah Password  Pijar Sekolah/input_Password Lama_form-control"), "123456"): Text '123456' is set on object 'Object Repository/siswa/ubah password/Page_Ubah Password  Pijar Sekolah/password lama baru dan konfirmasi password/Page_Ubah Password  Pijar Sekolah/input_Password Lama_form-control'

2021-02-13 11:25:05 - [MESSAGE][PASSED] - Text '123456' is set on object 'Object Repository/siswa/ubah password/Page_Ubah Password  Pijar Sekolah/password lama baru dan konfirmasi password/Page_Ubah Password  Pijar Sekolah/input_Password Lama_form-control'

2021-02-13 11:25:05 - [TEST_STEP][PASSED] - setText(findTestObject("siswa/ubah password/Page_Ubah Password  Pijar Sekolah/password lama baru dan konfirmasi password/Page_Ubah Password  Pijar Sekolah/input_Password Baru_form-control"), "123456"): Text '123456' is set on object 'Object Repository/siswa/ubah password/Page_Ubah Password  Pijar Sekolah/password lama baru dan konfirmasi password/Page_Ubah Password  Pijar Sekolah/input_Password Baru_form-control'

2021-02-13 11:25:06 - [MESSAGE][PASSED] - Text '123456' is set on object 'Object Repository/siswa/ubah password/Page_Ubah Password  Pijar Sekolah/password lama baru dan konfirmasi password/Page_Ubah Password  Pijar Sekolah/input_Password Baru_form-control'

2021-02-13 11:25:06 - [TEST_STEP][PASSED] - setText(findTestObject("siswa/ubah password/Page_Ubah Password  Pijar Sekolah/password lama baru dan konfirmasi password/Page_Ubah Password  Pijar Sekolah/input_Konfirmasi Password Baru_form-control"), "123456"): Text '123456' is set on object 'Object Repository/siswa/ubah password/Page_Ubah Password  Pijar Sekolah/password lama baru dan konfirmasi password/Page_Ubah Password  Pijar Sekolah/input_Konfirmasi Password Baru_form-control'

2021-02-13 11:25:07 - [MESSAGE][PASSED] - Text '123456' is set on object 'Object Repository/siswa/ubah password/Page_Ubah Password  Pijar Sekolah/password lama baru dan konfirmasi password/Page_Ubah Password  Pijar Sekolah/input_Konfirmasi Password Baru_form-control'

2021-02-13 11:25:07 - [TEST_STEP][PASSED] - click(findTestObject("siswa/ubah password/Page_Ubah Password  Pijar Sekolah/button_Ubah Password")): Object: 'Object Repository/siswa/ubah password/Page_Ubah Password  Pijar Sekolah/button_Ubah Password' is clicked on

2021-02-13 11:25:08 - [MESSAGE][PASSED] - Object: 'Object Repository/siswa/ubah password/Page_Ubah Password  Pijar Sekolah/button_Ubah Password' is clicked on

2021-02-13 11:25:08 - [TEST_STEP][PASSED] - click(findTestObject("siswa/ubah password/Page_Ubah Password  Pijar Sekolah/a_Ok")): Object: 'Object Repository/siswa/ubah password/Page_Ubah Password  Pijar Sekolah/a_Ok' is clicked on

2021-02-13 11:25:10 - [MESSAGE][PASSED] - Object: 'Object Repository/siswa/ubah password/Page_Ubah Password  Pijar Sekolah/a_Ok' is clicked on]]></system-out>
         <system-err><![CDATA[]]></system-err>
      </testcase>
      <testcase name="Test Cases/siswa/login/positif case/New Folder/TC003 Konten belajar" time="36.368" classname="Test Cases/siswa/login/positif case/New Folder/TC003 Konten belajar" status="PASSED">
         <system-out><![CDATA[2021-02-13 11:25:10 - [TEST_CASE][PASSED] - Test Cases/siswa/login/positif case/New Folder/TC003 Konten belajar: Test Cases/siswa/login/positif case/New Folder/TC003 Konten belajar

2021-02-13 11:25:11 - [TEST_STEP][PASSED] - callTestCase(findTestCase("siswa/login/positif case/TC001 Siswa berhasil login"), [:], STOP_ON_FAILURE): Call Test Case 'Test Cases/siswa/login/positif case/TC001 Siswa berhasil login' successfully

2021-02-13 11:25:11 - [TEST_CASE][PASSED] - Test Cases/siswa/login/positif case/TC001 Siswa berhasil login: Test Cases/siswa/login/positif case/TC001 Siswa berhasil login

2021-02-13 11:25:11 - [TEST_STEP][PASSED] - openBrowser(""): Browser is opened with url: ''

2021-02-13 11:25:11 - [MESSAGE][WARNING] - A browser is already opened. Closing browser and opening a new one

2021-02-13 11:25:12 - [MESSAGE][INFO] - Starting 'Chrome' driver

2021-02-13 11:25:13 - [MESSAGE][INFO] - Action delay is set to 0 milliseconds

2021-02-13 11:25:28 - [MESSAGE][PASSED] - Browser is opened with url: ''

2021-02-13 11:25:28 - [TEST_STEP][PASSED] - navigateToUrl("https://devsekolah-siswa.pijarsekolah.id/login"): Navigate to 'https://devsekolah-siswa.pijarsekolah.id/login' successfully

2021-02-13 11:25:32 - [MESSAGE][PASSED] - Navigate to 'https://devsekolah-siswa.pijarsekolah.id/login' successfully

2021-02-13 11:25:32 - [TEST_STEP][PASSED] - setText(findTestObject("Object Repository/siswa/Page_Login Siswa/input_Username_username"), "111111"): Text '111111' is set on object 'Object Repository/siswa/Page_Login Siswa/input_Username_username'

2021-02-13 11:25:33 - [MESSAGE][PASSED] - Text '111111' is set on object 'Object Repository/siswa/Page_Login Siswa/input_Username_username'

2021-02-13 11:25:33 - [TEST_STEP][PASSED] - setEncryptedText(findTestObject("Object Repository/siswa/Page_Login Siswa/input_Password_password"), "aeHFOx8jV/A="): Text ****** has been set on object 'Object Repository/siswa/Page_Login Siswa/input_Password_password'

2021-02-13 11:25:34 - [MESSAGE][PASSED] - Text ****** has been set on object 'Object Repository/siswa/Page_Login Siswa/input_Password_password'

2021-02-13 11:25:34 - [TEST_STEP][PASSED] - click(findTestObject("Object Repository/siswa/Page_Login Siswa/button_Login")): Object: 'Object Repository/siswa/Page_Login Siswa/button_Login' is clicked on

2021-02-13 11:25:34 - [MESSAGE][PASSED] - Object: 'Object Repository/siswa/Page_Login Siswa/button_Login' is clicked on

2021-02-13 11:25:34 - [MESSAGE][PASSED] - Call Test Case 'Test Cases/siswa/login/positif case/TC001 Siswa berhasil login' successfully

2021-02-13 11:25:34 - [TEST_STEP][PASSED] - click(findTestObject("siswa/Konten Belajar/Page_Beranda  Pijar Sekolah/span_Konten Belajar")): Object: 'Object Repository/siswa/Konten Belajar/Page_Beranda  Pijar Sekolah/span_Konten Belajar' is clicked on

2021-02-13 11:25:38 - [MESSAGE][PASSED] - Object: 'Object Repository/siswa/Konten Belajar/Page_Beranda  Pijar Sekolah/span_Konten Belajar' is clicked on

2021-02-13 11:25:38 - [TEST_STEP][PASSED] - click(findTestObject("siswa/Konten Belajar/Page_Konten Belajar  Pijar Sekolah/a_Buku Digital")): Object: 'Object Repository/siswa/Konten Belajar/Page_Konten Belajar  Pijar Sekolah/a_Buku Digital' is clicked on

2021-02-13 11:25:40 - [MESSAGE][PASSED] - Object: 'Object Repository/siswa/Konten Belajar/Page_Konten Belajar  Pijar Sekolah/a_Buku Digital' is clicked on

2021-02-13 11:25:40 - [TEST_STEP][PASSED] - click(findTestObject("siswa/Konten Belajar/Page_Konten Belajar  Pijar Sekolah/a_Konten Interaktif")): Object: 'Object Repository/siswa/Konten Belajar/Page_Konten Belajar  Pijar Sekolah/a_Konten Interaktif' is clicked on

2021-02-13 11:25:41 - [MESSAGE][PASSED] - Object: 'Object Repository/siswa/Konten Belajar/Page_Konten Belajar  Pijar Sekolah/a_Konten Interaktif' is clicked on

2021-02-13 11:25:41 - [TEST_STEP][PASSED] - click(findTestObject("siswa/Konten Belajar/Page_Konten Belajar  Pijar Sekolah/a_Lab Digital")): Object: 'Object Repository/siswa/Konten Belajar/Page_Konten Belajar  Pijar Sekolah/a_Lab Digital' is clicked on

2021-02-13 11:25:45 - [MESSAGE][PASSED] - Object: 'Object Repository/siswa/Konten Belajar/Page_Konten Belajar  Pijar Sekolah/a_Lab Digital' is clicked on

2021-02-13 11:25:45 - [TEST_STEP][PASSED] - click(findTestObject("siswa/Konten Belajar/Page_Konten Belajar  Pijar Sekolah/a_Video")): Object: 'Object Repository/siswa/Konten Belajar/Page_Konten Belajar  Pijar Sekolah/a_Video' is clicked on

2021-02-13 11:25:46 - [MESSAGE][PASSED] - Object: 'Object Repository/siswa/Konten Belajar/Page_Konten Belajar  Pijar Sekolah/a_Video' is clicked on]]></system-out>
         <system-err><![CDATA[]]></system-err>
      </testcase>
      <testcase name="Test Cases/siswa/login/positif case/New Folder/TC 004 Menu nilai" time="26.217" classname="Test Cases/siswa/login/positif case/New Folder/TC 004 Menu nilai" status="PASSED">
         <system-out><![CDATA[2021-02-13 11:25:46 - [TEST_CASE][PASSED] - Test Cases/siswa/login/positif case/New Folder/TC 004 Menu nilai: Test Cases/siswa/login/positif case/New Folder/TC 004 Menu nilai

2021-02-13 11:25:47 - [TEST_STEP][PASSED] - callTestCase(findTestCase("siswa/login/positif case/TC001 Siswa berhasil login"), [:], STOP_ON_FAILURE): Call Test Case 'Test Cases/siswa/login/positif case/TC001 Siswa berhasil login' successfully

2021-02-13 11:25:47 - [TEST_CASE][PASSED] - Test Cases/siswa/login/positif case/TC001 Siswa berhasil login: Test Cases/siswa/login/positif case/TC001 Siswa berhasil login

2021-02-13 11:25:47 - [TEST_STEP][PASSED] - openBrowser(""): Browser is opened with url: ''

2021-02-13 11:25:47 - [MESSAGE][WARNING] - A browser is already opened. Closing browser and opening a new one

2021-02-13 11:25:49 - [MESSAGE][INFO] - Starting 'Chrome' driver

2021-02-13 11:25:49 - [MESSAGE][INFO] - Action delay is set to 0 milliseconds

2021-02-13 11:25:52 - [MESSAGE][PASSED] - Browser is opened with url: ''

2021-02-13 11:25:52 - [TEST_STEP][PASSED] - navigateToUrl("https://devsekolah-siswa.pijarsekolah.id/login"): Navigate to 'https://devsekolah-siswa.pijarsekolah.id/login' successfully

2021-02-13 11:25:55 - [MESSAGE][PASSED] - Navigate to 'https://devsekolah-siswa.pijarsekolah.id/login' successfully

2021-02-13 11:25:55 - [TEST_STEP][PASSED] - setText(findTestObject("Object Repository/siswa/Page_Login Siswa/input_Username_username"), "111111"): Text '111111' is set on object 'Object Repository/siswa/Page_Login Siswa/input_Username_username'

2021-02-13 11:25:55 - [MESSAGE][PASSED] - Text '111111' is set on object 'Object Repository/siswa/Page_Login Siswa/input_Username_username'

2021-02-13 11:25:55 - [TEST_STEP][PASSED] - setEncryptedText(findTestObject("Object Repository/siswa/Page_Login Siswa/input_Password_password"), "aeHFOx8jV/A="): Text ****** has been set on object 'Object Repository/siswa/Page_Login Siswa/input_Password_password'

2021-02-13 11:25:56 - [MESSAGE][PASSED] - Text ****** has been set on object 'Object Repository/siswa/Page_Login Siswa/input_Password_password'

2021-02-13 11:25:56 - [TEST_STEP][PASSED] - click(findTestObject("Object Repository/siswa/Page_Login Siswa/button_Login")): Object: 'Object Repository/siswa/Page_Login Siswa/button_Login' is clicked on

2021-02-13 11:25:56 - [MESSAGE][PASSED] - Object: 'Object Repository/siswa/Page_Login Siswa/button_Login' is clicked on

2021-02-13 11:25:56 - [MESSAGE][PASSED] - Call Test Case 'Test Cases/siswa/login/positif case/TC001 Siswa berhasil login' successfully

2021-02-13 11:25:56 - [TEST_STEP][PASSED] - click(findTestObject("siswa/nilai/Page_Beranda  Pijar Sekolah/span_Nilai")): Object: 'Object Repository/siswa/nilai/Page_Beranda  Pijar Sekolah/span_Nilai' is clicked on

2021-02-13 11:26:01 - [MESSAGE][PASSED] - Object: 'Object Repository/siswa/nilai/Page_Beranda  Pijar Sekolah/span_Nilai' is clicked on

2021-02-13 11:26:01 - [TEST_STEP][PASSED] - click(findTestObject("siswa/nilai/Page_Nilai Ujian  Pijar Sekolah/span_Nilai Ujian")): Object: 'Object Repository/siswa/nilai/Page_Nilai Ujian  Pijar Sekolah/span_Nilai Ujian' is clicked on

2021-02-13 11:26:01 - [MESSAGE][PASSED] - Object: 'Object Repository/siswa/nilai/Page_Nilai Ujian  Pijar Sekolah/span_Nilai Ujian' is clicked on

2021-02-13 11:26:01 - [TEST_STEP][PASSED] - delay(5): Delayed 5 second(s)

2021-02-13 11:26:06 - [MESSAGE][PASSED] - Delayed 5 second(s)

2021-02-13 11:26:06 - [TEST_STEP][PASSED] - click(findTestObject("siswa/nilai/Page_Nilai Tugas  Pijar Sekolah/span_Nilai Tugas")): Object: 'Object Repository/siswa/nilai/Page_Nilai Tugas  Pijar Sekolah/span_Nilai Tugas' is clicked on

2021-02-13 11:26:07 - [MESSAGE][PASSED] - Object: 'Object Repository/siswa/nilai/Page_Nilai Tugas  Pijar Sekolah/span_Nilai Tugas' is clicked on

2021-02-13 11:26:07 - [TEST_STEP][PASSED] - delay(5): Delayed 5 second(s)

2021-02-13 11:26:12 - [MESSAGE][PASSED] - Delayed 5 second(s)

2021-02-13 11:26:12 - [TEST_STEP][PASSED] - click(findTestObject("siswa/nilai/Page_Nilai Asesmen Kompetensi Minimum  Pijar Sekolah/span_Nilai AKM")): Object: 'Object Repository/siswa/nilai/Page_Nilai Asesmen Kompetensi Minimum  Pijar Sekolah/span_Nilai AKM' is clicked on

2021-02-13 11:26:12 - [MESSAGE][PASSED] - Object: 'Object Repository/siswa/nilai/Page_Nilai Asesmen Kompetensi Minimum  Pijar Sekolah/span_Nilai AKM' is clicked on]]></system-out>
         <system-err><![CDATA[]]></system-err>
      </testcase>
      <system-out><![CDATA[2021-02-13 11:24:14 - [TEST_SUITE][PASSED] - Positiv case: Test Cases/siswa/login/positif case/New Folder/TC 004 Menu nilai]]></system-out>
      <system-err><![CDATA[]]></system-err>
   </testsuite>
</testsuites>
